<?xml version="1.0" encoding="UTF-8"?>
<!-- Generated by org.testng.reporters.JUnitReportReporter -->
<testsuite skipped="0" hostname="DESKTOP-843RP8J" name="com.test.TestngSample2" tests="1" failures="0" timestamp="22 Apr 2022 17:06:21 GMT" time="0.014" errors="0">
  <testcase name="tc04" time="0.014" classname="com.test.TestngSample2"/>
</testsuite> <!-- com.test.TestngSample2 -->
