<?xml version="1.0" encoding="UTF-8"?>
<!-- Generated by org.testng.reporters.JUnitReportReporter -->
<testsuite skipped="0" hostname="DESKTOP-843RP8J" name="com.test.TestngSample" tests="2" failures="0" timestamp="22 Apr 2022 17:06:21 GMT" time="0.028" errors="0">
  <testcase name="tc03" time="0.000" classname="com.test.TestngSample"/>
  <testcase name="tc01" time="0.028" classname="com.test.TestngSample"/>
</testsuite> <!-- com.test.TestngSample -->
