<?xml version="1.0" encoding="UTF-8"?>
<!-- Generated by org.testng.reporters.JUnitReportReporter -->
<testsuite skipped="0" hostname="DESKTOP-843RP8J" name="com.test.TestngSample3" tests="3" failures="0" timestamp="22 Apr 2022 16:41:11 GMT" time="0.016" errors="0">
  <testcase name="tc09" time="0.000" classname="com.test.TestngSample3"/>
  <testcase name="tc07" time="0.016" classname="com.test.TestngSample3"/>
  <testcase name="tc08" time="0.000" classname="com.test.TestngSample3"/>
</testsuite> <!-- com.test.TestngSample3 -->
